# JRE version: Java(TM) SE Runtime Environment (24.0.1+9) (build 24.0.1+9-30)
# Java VM: Java HotSpot(TM) 64-Bit Server VM (24.0.1+9-30, mixed mode, sharing, tiered, compressed oops, compressed class ptrs, g1 gc, windows-amd64)
GC Precious Log:
 CardTable entry size: 512
 Card Set container configuration: InlinePtr #cards 5 size 8 Array Of Cards #cards 10 size 36 Howl #buckets 4 coarsen threshold 1843 Howl Bitmap #cards 512 size 80 coarsen threshold 460 Card regions per heap region 1 cards per card region 2048
 CPUs: 2 total, 2 available
 Memory: 3526M
 Large Page Support: Disabled
 NUMA Support: Disabled
 Compressed Oops: Enabled (32-bit)
 Heap Region Size: 1M
 Heap Min Capacity: 8M
 Heap Initial Capacity: 56M
 Heap Max Capacity: 882M
 Pre-touch: Disabled
 Parallel Workers: 2
 Concurrent Workers: 1
 Concurrent Refinement Workers: 2
 Periodic GC: Disabled
Heap:
 garbage-first heap   total reserved 903168K, committed 140288K, used 95572K [0x00000000c8e00000, 0x0000000100000000)
  region size 1024K, 50 young (51200K), 5 survivors (5120K)
 Metaspace       used 87986K, committed 88640K, reserved 1179648K
  class space    used 10154K, committed 10432K, reserved 1048576K
GC Heap History (20 events):
Event: 54.116 GC heap before
{Heap before GC invocations=22 (full 0):
 garbage-first heap   total reserved 903168K, committed 58368K, used 49740K [0x00000000c8e00000, 0x0000000100000000)
  region size 1024K, 18 young (18432K), 3 survivors (3072K)
 Metaspace       used 75102K, committed 75712K, reserved 1179648K
  class space    used 8332K, committed 8576K, reserved 1048576K
}
Event: 54.129 GC heap after
{Heap after GC invocations=23 (full 0):
 garbage-first heap   total reserved 903168K, committed 58368K, used 36260K [0x00000000c8e00000, 0x0000000100000000)
  region size 1024K, 3 young (3072K), 3 survivors (3072K)
 Metaspace       used 75102K, committed 75712K, reserved 1179648K
  class space    used 8332K, committed 8576K, reserved 1048576K
}
Event: 54.891 GC heap before
{Heap before GC invocations=24 (full 0):
 garbage-first heap   total reserved 903168K, committed 61440K, used 50596K [0x00000000c8e00000, 0x0000000100000000)
  region size 1024K, 18 young (18432K), 3 survivors (3072K)
 Metaspace       used 75110K, committed 75712K, reserved 1179648K
  class space    used 8335K, committed 8576K, reserved 1048576K
}
Event: 54.903 GC heap after
{Heap after GC invocations=25 (full 0):
 garbage-first heap   total reserved 903168K, committed 61440K, used 38542K [0x00000000c8e00000, 0x0000000100000000)
  region size 1024K, 3 young (3072K), 3 survivors (3072K)
 Metaspace       used 75110K, committed 75712K, reserved 1179648K
  class space    used 8335K, committed 8576K, reserved 1048576K
}
Event: 55.274 GC heap before
{Heap before GC invocations=25 (full 0):
 garbage-first heap   total reserved 903168K, committed 61440K, used 54926K [0x00000000c8e00000, 0x0000000100000000)
  region size 1024K, 19 young (19456K), 3 survivors (3072K)
 Metaspace       used 75112K, committed 75712K, reserved 1179648K
  class space    used 8335K, committed 8576K, reserved 1048576K
}
Event: 55.291 GC heap after
{Heap after GC invocations=26 (full 0):
 garbage-first heap   total reserved 903168K, committed 62464K, used 40226K [0x00000000c8e00000, 0x0000000100000000)
  region size 1024K, 2 young (2048K), 2 survivors (2048K)
 Metaspace       used 75112K, committed 75712K, reserved 1179648K
  class space    used 8335K, committed 8576K, reserved 1048576K
}
Event: 55.529 GC heap before
{Heap before GC invocations=26 (full 0):
 garbage-first heap   total reserved 903168K, committed 62464K, used 55586K [0x00000000c8e00000, 0x0000000100000000)
  region size 1024K, 17 young (17408K), 2 survivors (2048K)
 Metaspace       used 75112K, committed 75712K, reserved 1179648K
  class space    used 8335K, committed 8576K, reserved 1048576K
}
Event: 55.545 GC heap after
{Heap after GC invocations=27 (full 0):
 garbage-first heap   total reserved 903168K, committed 63488K, used 45418K [0x00000000c8e00000, 0x0000000100000000)
  region size 1024K, 3 young (3072K), 3 survivors (3072K)
 Metaspace       used 75112K, committed 75712K, reserved 1179648K
  class space    used 8335K, committed 8576K, reserved 1048576K
}
Event: 55.758 GC heap before
{Heap before GC invocations=28 (full 0):
 garbage-first heap   total reserved 903168K, committed 76800K, used 54634K [0x00000000c8e00000, 0x0000000100000000)
  region size 1024K, 12 young (12288K), 3 survivors (3072K)
 Metaspace       used 75112K, committed 75712K, reserved 1179648K
  class space    used 8335K, committed 8576K, reserved 1048576K
}
Event: 55.768 GC heap after
{Heap after GC invocations=29 (full 0):
 garbage-first heap   total reserved 903168K, committed 76800K, used 46362K [0x00000000c8e00000, 0x0000000100000000)
  region size 1024K, 1 young (1024K), 1 survivors (1024K)
 Metaspace       used 75112K, committed 75712K, reserved 1179648K
  class space    used 8335K, committed 8576K, reserved 1048576K
}
Event: 56.045 GC heap before
{Heap before GC invocations=29 (full 0):
 garbage-first heap   total reserved 903168K, committed 76800K, used 66842K [0x00000000c8e00000, 0x0000000100000000)
  region size 1024K, 21 young (21504K), 1 survivors (1024K)
 Metaspace       used 75112K, committed 75712K, reserved 1179648K
  class space    used 8335K, committed 8576K, reserved 1048576K
}
Event: 56.067 GC heap after
{Heap after GC invocations=30 (full 0):
 garbage-first heap   total reserved 903168K, committed 76800K, used 52224K [0x00000000c8e00000, 0x0000000100000000)
  region size 1024K, 3 young (3072K), 3 survivors (3072K)
 Metaspace       used 75112K, committed 75712K, reserved 1179648K
  class space    used 8335K, committed 8576K, reserved 1048576K
}
Event: 56.770 GC heap before
{Heap before GC invocations=30 (full 0):
 garbage-first heap   total reserved 903168K, committed 76800K, used 67584K [0x00000000c8e00000, 0x0000000100000000)
  region size 1024K, 18 young (18432K), 3 survivors (3072K)
 Metaspace       used 75868K, committed 76480K, reserved 1179648K
  class space    used 8443K, committed 8704K, reserved 1048576K
}
Event: 56.781 GC heap after
{Heap after GC invocations=31 (full 0):
 garbage-first heap   total reserved 903168K, committed 140288K, used 53195K [0x00000000c8e00000, 0x0000000100000000)
  region size 1024K, 1 young (1024K), 1 survivors (1024K)
 Metaspace       used 75868K, committed 76480K, reserved 1179648K
  class space    used 8443K, committed 8704K, reserved 1048576K
}
Event: 59.438 GC heap before
{Heap before GC invocations=32 (full 0):
 garbage-first heap   total reserved 903168K, committed 140288K, used 108491K [0x00000000c8e00000, 0x0000000100000000)
  region size 1024K, 60 young (61440K), 1 survivors (1024K)
 Metaspace       used 80856K, committed 81408K, reserved 1179648K
  class space    used 9286K, committed 9536K, reserved 1048576K
}
Event: 59.454 GC heap after
{Heap after GC invocations=33 (full 0):
 garbage-first heap   total reserved 903168K, committed 140288K, used 52694K [0x00000000c8e00000, 0x0000000100000000)
  region size 1024K, 5 young (5120K), 5 survivors (5120K)
 Metaspace       used 80856K, committed 81408K, reserved 1179648K
  class space    used 9286K, committed 9536K, reserved 1048576K
}
Event: 59.924 GC heap before
{Heap before GC invocations=33 (full 0):
 garbage-first heap   total reserved 903168K, committed 140288K, used 101846K [0x00000000c8e00000, 0x0000000100000000)
  region size 1024K, 53 young (54272K), 5 survivors (5120K)
 Metaspace       used 80902K, committed 81472K, reserved 1179648K
  class space    used 9287K, committed 9536K, reserved 1048576K
}
Event: 59.935 GC heap after
{Heap after GC invocations=34 (full 0):
 garbage-first heap   total reserved 903168K, committed 140288K, used 51243K [0x00000000c8e00000, 0x0000000100000000)
  region size 1024K, 2 young (2048K), 2 survivors (2048K)
 Metaspace       used 80902K, committed 81472K, reserved 1179648K
  class space    used 9287K, committed 9536K, reserved 1048576K
}
Event: 64.184 GC heap before
{Heap before GC invocations=34 (full 0):
 garbage-first heap   total reserved 903168K, committed 140288K, used 106539K [0x00000000c8e00000, 0x0000000100000000)
  region size 1024K, 56 young (57344K), 2 survivors (2048K)
 Metaspace       used 86021K, committed 86656K, reserved 1179648K
  class space    used 9946K, committed 10240K, reserved 1048576K
}
Event: 64.200 GC heap after
{Heap after GC invocations=35 (full 0):
 garbage-first heap   total reserved 903168K, committed 140288K, used 54612K [0x00000000c8e00000, 0x0000000100000000)
  region size 1024K, 5 young (5120K), 5 survivors (5120K)
 Metaspace       used 86021K, committed 86656K, reserved 1179648K
  class space    used 9946K, committed 10240K, reserved 1048576K
}

